#
# A fatal error has been detected by the Java Runtime Environment:
#
#  SIGSEGV (0xb) at pc=0x0000000000000000, pid=23755, tid=23776
#
# JRE version: OpenJDK Runtime Environment (17.0.10) (build 17.0.10+0-17.0.10b1087.21-11609105)
# Java VM: OpenJDK 64-Bit Server VM (17.0.10+0-17.0.10b1087.21-11609105, mixed mode, tiered, compressed oops, compressed class ptrs, g1 gc, linux-amd64)
# Problematic frame:
# V  [libjvm.so+0x955481]  G1ParScanThreadState::handle_evacuation_failure_par(oopDesc*, markWord)+0x151
#
# Core dump will be written. Default location: Core dumps may be processed with "/usr/share/apport/apport -p%p -s%s -c%c -d%d -P%P -u%u -g%g -- %E" (or dumping to /home/omer/AndroidStudioProjects/System/core.23755)
#
# If you would like to submit a bug report, please visit:
#   https://bugreport.java.com/bugreport/crash.jsp
#

---------------  S U M M A R Y ------------

Command Line: org.jetbrains.kotlin.cli.jvm.K2JVMCompiler @/home/omer/AndroidStudioProjects/System/app/build/20240925_6827877412517722438.compiler.options

Host: Intel(R) Core(TM) i5-4200U CPU @ 1.60GHz, 4 cores, 7G, Ubuntu 22.04.4 LTS
Time: Wed Sep 25 07:32:16 2024 PKT elapsed time: 6.994463 seconds (0d 0h 0m 6s)

---------------  T H R E A D  ---------------

Current thread (0x000072bda80050a0):  GCTaskThread "GC Thread#1" [stack: 0x000072bdd13ff000,0x000072bdd14ff000] [id=23776]

Stack: [0x000072bdd13ff000,0x000072bdd14ff000],  sp=0x000072bdd14fd9b0,  free space=1018k
Native frames: (J=compiled Java code, j=interpreted, Vv=VM code, C=native code)
V  [libjvm.so+0x955481]  G1ParScanThreadState::handle_evacuation_failure_par(oopDesc*, markWord)+0x151
V  [libjvm.so+0x955f3d]  void G1ParScanThreadState::do_oop_evac<narrowOop>(narrowOop*)+0x3ad
V  [libjvm.so+0x9536bb]  G1ParScanThreadState::trim_queue_to_threshold(unsigned int)+0x12b
V  [libjvm.so+0x9610a7]  G1ScanHRForRegionClosure::scan_memregion(unsigned int, MemRegion)+0x6a7
V  [libjvm.so+0x960754]  G1ScanHRForRegionClosure::scan_heap_roots(HeapRegion*)+0x564
V  [libjvm.so+0x9601d3]  G1ScanHRForRegionClosure::do_heap_region(HeapRegion*)+0x53
V  [libjvm.so+0x95e4fa]  G1RemSet::scan_heap_roots(G1ParScanThreadState*, unsigned int, G1GCPhaseTimes::GCParPhases, G1GCPhaseTimes::GCParPhases, bool)+0x10a
V  [libjvm.so+0x919246]  G1EvacuateRegionsTask::scan_roots(G1ParScanThreadState*, unsigned int)+0x46
V  [libjvm.so+0x919120]  G1EvacuateRegionsBaseTask::work(unsigned int)+0x80
V  [libjvm.so+0x10969e2]  GangWorker::run()+0x62
V  [libjvm.so+0xfea5d7]  Thread::call_run()+0xa7
V  [libjvm.so+0xdee61a]  thread_native_entry(Thread*)+0x11a


siginfo: si_signo: 11 (SIGSEGV), si_code: 1 (SEGV_MAPERR), si_addr: 0x0000000000000000

Registers:
RAX=0x00000000000072bd, RBX=0x000000008a389788, RCX=0x000072bdefba0e70, RDX=0x0000000100075430
RSP=0x000072bdd14fd9a8, RBP=0x000072bdd14fd9d0, RSI=0x000000008a389788, RDI=0x000072bd5c00f780
R8 =0x0000000000000000, R9 =0x0000000000000000, R10=0x00000000530c4d00, R11=0x000072bd5c00f600
R12=0x000072bde80d2530, R13=0x0000000000000001, R14=0x000072bd5c00f780, R15=0x0000000000000001
RIP=0x0000000000000000, EFLAGS=0x0000000000010206, CSGSFS=0x002b000000000033, ERR=0x0000000000000014
  TRAPNO=0x000000000000000e


Register to memory mapping:

RAX=0x00000000000072bd is an unknown value
RBX=0x000000008a389788 points into unknown readable memory: 0x000000008a38978b | 8b 97 38 8a 00 00 00 00
RCX=0x000072bdefba0e70: <offset 0x00000000011eae70> in /snap/android-studio/161/jbr/lib/server/libjvm.so at 0x000072bdee9b6000
RDX=0x0000000100075430 is pointing into metadata
RSP=0x000072bdd14fd9a8 points into unknown readable memory: 0x000072bdef30b481 | 81 b4 30 ef bd 72 00 00
RBP=0x000072bdd14fd9d0 points into unknown readable memory: 0x000072bdd14fda50 | 50 da 4f d1 bd 72 00 00
RSI=0x000000008a389788 points into unknown readable memory: 0x000000008a38978b | 8b 97 38 8a 00 00 00 00
RDI=0x000072bd5c00f780 points into unknown readable memory: 0x000072bdefb413e8 | e8 13 b4 ef bd 72 00 00
R8 =0x0 is NULL
R9 =0x0 is NULL
R10=0x00000000530c4d00 is an unknown value
R11=0x000072bd5c00f600 points into unknown readable memory: 0x000072bdefb41328 | 28 13 b4 ef bd 72 00 00
R12=0x000072bde80d2530 points into unknown readable memory: 0x000000008a300000 | 00 00 30 8a 00 00 00 00
R13=0x0000000000000001 is an unknown value
R14=0x000072bd5c00f780 points into unknown readable memory: 0x000072bdefb413e8 | e8 13 b4 ef bd 72 00 00
R15=0x0000000000000001 is an unknown value


Top of Stack: (sp=0x000072bdd14fd9a8)
0x000072bdd14fd9a8:   000072bdef30b481 000000008968f6e0
0x000072bdd14fd9b8:   000000008968f6d8 000072bd5c00f600
0x000072bdd14fd9c8:   000000008a389788 000072bdd14fda50
0x000072bdd14fd9d8:   000072bdef30bf3d 000072bde80d2530
0x000072bdd14fd9e8:   0000000000000000 0000000100075430
0x000072bdd14fd9f8:   00000000530c4d00 0000000000000001
0x000072bdd14fda08:   0000000000000001 0000000000000001
0x000072bdd14fda18:   0000000000000000 000072bd5c00f600
0x000072bdd14fda28:   0000000000000040 ffffffff00000000
0x000072bdd14fda38:   0000000100000000 000072bd5c00f600
0x000072bdd14fda48:   00000003b9d24319 000072bdd14fda90
0x000072bdd14fda58:   000072bdef3096bb 000000019fd8b703
0x000072bdd14fda68:   000072bd5c00f600 000000008747c200
0x000072bdd14fda78:   000072bde807fe00 000000019fd8b703
0x000072bdd14fda88:   00000003b9d24319 000072bdd14fdb10
0x000072bdd14fda98:   000072bdef3170a7 000072bdd14fdaf0
0x000072bdd14fdaa8:   000072bdefb41638 0000000000000000
0x000072bdd14fdab8:   000072bde8038390 000072bd5c00f600
0x000072bdd14fdac8:   000072bdd14fdc48 000000008747c000
0x000072bdd14fdad8:   0000000000000040 000072bde80b2ee0
0x000072bdd14fdae8:   000000008747c000 0000000000000001
0x000072bdd14fdaf8:   0000000000000001 0001000000000000
0x000072bdd14fdb08:   000072bde8058d30 000072bdd14fdbd0
0x000072bdd14fdb18:   000072bdef316754 000072bdeda0c3e1
0x000072bdd14fdb28:   0000000000000060 000072bd60001530
0x000072bdd14fdb38:   000072bda8005360 000072bd600017e8
0x000072bdd14fdb48:   00000000000003d8 000000000000c3e0
0x000072bdd14fdb58:   000072bd60001400 0000000000000000
0x000072bdd14fdb68:   0000000000000000 000072bd00000000
0x000072bdd14fdb78:   000072bdef7a5269 000072bdd14fdba0
0x000072bdd14fdb88:   ffff8d42125f3c1f 0000000000000018
0x000072bdd14fdb98:   000072bdd14fdc48 000072bdeda0c400 

Instructions: (pc=0x000072bdef30b481)
0x000072bdef30b381:   8b 8a f0 04 00 00 80 3c 01 00 75 5e 48 01 c1 40
0x000072bdef30b391:   b6 01 31 c0 f0 40 0f b0 31 a8 01 75 4d 48 81 c2
0x000072bdef30b3a1:   e8 04 00 00 b8 01 00 00 00 f0 0f c1 02 48 83 3d
0x000072bdef30b3b1:   6a 4d 89 00 00 74 33 49 8d bc 24 c0 00 00 00 e8
0x000072bdef30b3c1:   9b 63 09 00 4d 8b 44 24 10 49 8b 0c 24 4d 8b 4c
0x000072bdef30b3d1:   24 08 48 8d 3d 0c 05 95 ff 48 8d 35 4f ed 93 ff
0x000072bdef30b3e1:   48 89 c2 31 c0 e8 d5 95 fa ff 49 8b 7e 08 41 8b
0x000072bdef30b3f1:   b6 a8 01 00 00 48 89 da 4c 89 f9 e8 ff fb fb ff
0x000072bdef30b401:   41 8b 84 24 c0 00 00 00 d1 e8 83 e0 01 41 89 86
0x000072bdef30b411:   a0 01 00 00 49 81 c6 80 01 00 00 48 8d 05 7e 62
0x000072bdef30b421:   89 00 80 38 00 74 41 8b 53 08 48 8d 05 0e bb 85
0x000072bdef30b431:   00 0f b6 48 08 48 d3 e2 48 03 10 eb 2f 48 8d 0d
0x000072bdef30b441:   c4 63 89 00 80 39 00 0f 95 c1 89 c2 83 e2 07 83
0x000072bdef30b451:   fa 05 0f 94 c2 48 83 e0 fc 0f 84 fc fe ff ff 20
0x000072bdef30b461:   ca 74 20 e9 f3 fe ff ff 48 8b 53 08 48 63 42 0c
0x000072bdef30b471:   48 8d 0d f8 59 89 00 4c 89 f7 48 89 de ff 14 c1
0x000072bdef30b481:   48 89 d8 5b 41 5c 41 5e 41 5f 5d c3 0f 1f 00 55
0x000072bdef30b491:   48 89 e5 41 57 41 56 41 55 41 54 53 50 4d 89 cc
0x000072bdef30b4a1:   4d 89 c5 41 89 cf 48 89 fb 48 89 37 48 89 57 08
0x000072bdef30b4b1:   41 89 ce 4a 8d 3c f5 00 00 00 00 be 05 00 00 00
0x000072bdef30b4c1:   31 d2 e8 58 a1 d0 ff 48 89 43 10 4a 8d 3c ed 08
0x000072bdef30b4d1:   00 00 00 48 89 7d d0 be 05 00 00 00 31 d2 e8 3c
0x000072bdef30b4e1:   a1 d0 ff 48 89 43 18 4c 89 6b 20 4c 89 63 28 44
0x000072bdef30b4f1:   89 7b 30 c6 43 34 00 45 85 ff 0f 84 87 00 00 00
0x000072bdef30b501:   44 89 f0 83 e0 03 41 83 ff 04 73 04 31 c9 eb 4b
0x000072bdef30b511:   41 83 e6 fc 31 c9 66 0f 1f 84 00 00 00 00 00 48
0x000072bdef30b521:   8b 53 10 48 c7 04 ca 00 00 00 00 48 8b 53 10 48
0x000072bdef30b531:   c7 44 ca 08 00 00 00 00 48 8b 53 10 48 c7 44 ca
0x000072bdef30b541:   10 00 00 00 00 48 8b 53 10 48 c7 44 ca 18 00 00
0x000072bdef30b551:   00 00 48 83 c1 04 49 39 ce 75 c4 48 85 c0 74 23
0x000072bdef30b561:   66 66 66 66 66 66 2e 0f 1f 84 00 00 00 00 00 48
0x000072bdef30b571:   8b 53 10 48 c7 04 ca 00 00 00 00 48 ff c1 48 ff 


Stack slot to memory mapping:
stack at sp + 0 slots: 0x000000008968f6e0 points into unknown readable memory: 0x8968f6b88968f598 | 98 f5 68 89 b8 f6 68 89
stack at sp + 1 slots: 0x000000008968f6d8 is pointing into object: java.util.concurrent.ConcurrentHashMap$Node 
{0x000000008968f6c0} - klass: 'java/util/concurrent/ConcurrentHashMap$Node'
 - ---- fields (total size 4 words):
 - final 'hash' 'I' @12  16905376 (101f4a0)
 - final 'key' 'Ljava/lang/Object;' @16  a 'org/jetbrains/kotlin/name/Name'{0x000000008747b668} (8747b668)
 - volatile 'val' 'Ljava/lang/Object;' @20  a 'org/jetbrains/kotlin/load/java/descriptors/JavaPropertyDescriptor'{0x000000008968e408} (8968e408)
 - volatile 'next' 'Ljava/util/concurrent/ConcurrentHashMap$Node;' @24  
[error occurred during error reporting (inspecting top of stack), id 0xb, SIGSEGV (0xb) at pc=0x000072bdef7949e2]


---------------  P R O C E S S  ---------------

Threads class SMR info:
_java_thread_list=0x000072bd840a79f0, length=12, elements={
0x000072bde8025ce0, 0x000072bde818b680, 0x000072bde818cce0, 0x000072bde81bddf0,
0x000072bde81bf1b0, 0x000072bde81c05d0, 0x000072bde81b3420, 0x000072bde81b4910,
0x000072bde81b5d90, 0x000072bde825b890, 0x000072bde8266b90, 0x000072bd840a6a10
}

Java Threads: ( => current thread )
  0x000072bde8025ce0 JavaThread "main" [_thread_blocked, id=23757, stack(0x000072bdee8b6000,0x000072bdee9b6000)]
  0x000072bde818b680 JavaThread "Reference Handler" daemon [_thread_blocked, id=23764, stack(0x000072bdec95b000,0x000072bdeca5b000)]
  0x000072bde818cce0 JavaThread "Finalizer" daemon [_thread_blocked, id=23765, stack(0x000072bdec85b000,0x000072bdec95b000)]
  0x000072bde81bddf0 JavaThread "Signal Dispatcher" daemon [_thread_blocked, id=23766, stack(0x000072bdec100000,0x000072bdec200000)]
  0x000072bde81bf1b0 JavaThread "Service Thread" daemon [_thread_blocked, id=23767, stack(0x000072bdec000000,0x000072bdec100000)]
  0x000072bde81c05d0 JavaThread "Monitor Deflation Thread" daemon [_thread_blocked, id=23768, stack(0x000072bde4a15000,0x000072bde4b15000)]
  0x000072bde81b3420 JavaThread "C2 CompilerThread0" daemon [_thread_in_native, id=23769, stack(0x000072bdd5900000,0x000072bdd5a00000)]
  0x000072bde81b4910 JavaThread "C1 CompilerThread0" daemon [_thread_blocked, id=23770, stack(0x000072bdd3900000,0x000072bdd3a00000)]
  0x000072bde81b5d90 JavaThread "Sweeper thread" daemon [_thread_blocked, id=23771, stack(0x000072bdd1900000,0x000072bdd1a00000)]
  0x000072bde825b890 JavaThread "Notification Thread" daemon [_thread_blocked, id=23772, stack(0x000072bdd1800000,0x000072bdd1900000)]
  0x000072bde8266b90 JavaThread "Common-Cleaner" daemon [_thread_blocked, id=23774, stack(0x000072bdd15ff000,0x000072bdd16ff000)]
  0x000072bd840a6a10 JavaThread "C2 CompilerThread1" daemon [_thread_blocked, id=23775, stack(0x000072bdd14ff000,0x000072bdd15ff000)]

Other Threads:
  0x000072bde817b860 VMThread "VM Thread" [stack: 0x000072bdeca5c000,0x000072bdecb5c000] [id=23763]
  0x000072bde813bb00 WatcherThread [stack: 0x000072bdd1700000,0x000072bdd1800000] [id=23773]
  0x000072bde807f370 GCTaskThread "GC Thread#0" [stack: 0x000072bded500000,0x000072bded600000] [id=23758]
=>0x000072bda80050a0 GCTaskThread "GC Thread#1" [stack: 0x000072bdd13ff000,0x000072bdd14ff000] [id=23776]
  0x000072bda800b270 GCTaskThread "GC Thread#2" [stack: 0x000072bdd12fe000,0x000072bdd13fe000] [id=23777]
  0x000072bda800bc70 GCTaskThread "GC Thread#3" [stack: 0x000072bdd0f00000,0x000072bdd1000000] [id=23778]
  0x000072bde808fde0 ConcurrentGCThread "G1 Main Marker" [stack: 0x000072bded3ff000,0x000072bded4ff000] [id=23759]
  0x000072bde8090d50 ConcurrentGCThread "G1 Conc#0" [stack: 0x000072bded2fe000,0x000072bded3fe000] [id=23760]
  0x000072bde80f5c10 ConcurrentGCThread "G1 Refine#0" [stack: 0x000072bdecdf9000,0x000072bdecef9000] [id=23761]
  0x000072bdb8000eb0 ConcurrentGCThread "G1 Refine#1" [stack: 0x000072bdd0dff000,0x000072bdd0eff000] [id=23779]
  0x000072bde80f6b10 ConcurrentGCThread "G1 Service" [stack: 0x000072bdeccf8000,0x000072bdecdf8000] [id=23762]

Threads with active compile tasks:
C2 CompilerThread0     7016 6086   !   4       org.jetbrains.kotlin.metadata.ProtoBuf$Type$Argument::<init> (401 bytes)
C1 CompilerThread0     7016 6155       3       org.jetbrains.kotlin.resolve.lazy.descriptors.LazyClassMemberScope::getContributedVariables (35 bytes)
C2 CompilerThread1     7017 6132       4       org.jetbrains.kotlin.descriptors.impl.SimpleFunctionDescriptorImpl::initialize (96 bytes)

VM state: at safepoint (normal execution)

VM Mutex/Monitor currently owned by a thread:  ([mutex/lock_event])
[0x000072bde8022be0] Threads_lock - owner thread: 0x000072bde817b860
[0x000072bde8023450] Heap_lock - owner thread: 0x000072bde8025ce0

Heap address: 0x0000000085c00000, size: 1956 MB, Compressed Oops mode: 32-bit

CDS archive(s) not mapped
Compressed class space mapped at: 0x0000000100000000-0x0000000140000000, reserved size: 1073741824
Narrow klass base: 0x0000000000000000, Narrow klass shift: 3, Narrow klass range: 0x140000000

GC Precious Log:
 CPUs: 4 total, 4 available
 Memory: 7822M
 Large Page Support: Disabled
 NUMA Support: Disabled
 Compressed Oops: Enabled (32-bit)
 Heap Region Size: 1M
 Heap Min Capacity: 8M
 Heap Initial Capacity: 124M
 Heap Max Capacity: 1956M
 Pre-touch: Disabled
 Parallel Workers: 4
 Concurrent Workers: 1
 Concurrent Refinement Workers: 4
 Periodic GC: Disabled

Heap:
 garbage-first heap   total 79872K, used 61771K [0x0000000085c00000, 0x0000000100000000)
  region size 1024K, 21 young (21504K), 3 survivors (3072K)
 Metaspace       used 56540K, committed 56896K, reserved 1114112K
  class space    used 6751K, committed 6912K, reserved 1048576K

Heap Regions: E=young(eden), S=young(survivor), O=old, HS=humongous(starts), HC=humongous(continues), CS=collection set, F=free, OA=open archive, CA=closed archive, TAMS=top-at-mark-start (previous, next)
|   0|0x0000000085c00000, 0x0000000085d00000, 0x0000000085d00000|100%|HS|  |TAMS 0x0000000085d00000, 0x0000000085d00000| Complete 
|   1|0x0000000085d00000, 0x0000000085e00000, 0x0000000085e00000|100%|HC|  |TAMS 0x0000000085e00000, 0x0000000085e00000| Complete 
|   2|0x0000000085e00000, 0x0000000085f00000, 0x0000000085f00000|100%|HC|  |TAMS 0x0000000085f00000, 0x0000000085f00000| Complete 
|   3|0x0000000085f00000, 0x0000000086000000, 0x0000000086000000|100%|HC|  |TAMS 0x0000000086000000, 0x0000000086000000| Complete 
|   4|0x0000000086000000, 0x0000000086100000, 0x0000000086100000|100%| O|  |TAMS 0x0000000086100000, 0x0000000086100000| Untracked 
|   5|0x0000000086100000, 0x0000000086200000, 0x0000000086200000|100%| O|  |TAMS 0x0000000086200000, 0x0000000086200000| Untracked 
|   6|0x0000000086200000, 0x0000000086300000, 0x0000000086300000|100%| O|  |TAMS 0x00000000862ae000, 0x0000000086300000| Untracked 
|   7|0x0000000086300000, 0x0000000086400000, 0x0000000086400000|100%| O|  |TAMS 0x0000000086400000, 0x0000000086400000| Untracked 
|   8|0x0000000086400000, 0x0000000086500000, 0x0000000086500000|100%| O|  |TAMS 0x0000000086500000, 0x0000000086500000| Untracked 
|   9|0x0000000086500000, 0x0000000086600000, 0x0000000086600000|100%| O|  |TAMS 0x0000000086600000, 0x0000000086600000| Untracked 
|  10|0x0000000086600000, 0x0000000086700000, 0x0000000086700000|100%| O|  |TAMS 0x0000000086700000, 0x0000000086700000| Untracked 
|  11|0x0000000086700000, 0x0000000086800000, 0x0000000086800000|100%| O|  |TAMS 0x0000000086800000, 0x0000000086800000| Untracked 
|  12|0x0000000086800000, 0x0000000086900000, 0x0000000086900000|100%| O|  |TAMS 0x0000000086900000, 0x0000000086900000| Untracked 
|  13|0x0000000086900000, 0x0000000086a00000, 0x0000000086a00000|100%| O|  |TAMS 0x0000000086900000, 0x0000000086a00000| Untracked 
|  14|0x0000000086a00000, 0x0000000086b00000, 0x0000000086b00000|100%| O|  |TAMS 0x0000000086a00000, 0x0000000086b00000| Untracked 
|  15|0x0000000086b00000, 0x0000000086c00000, 0x0000000086c00000|100%| O|  |TAMS 0x0000000086b00000, 0x0000000086c00000| Untracked 
|  16|0x0000000086c00000, 0x0000000086d00000, 0x0000000086d00000|100%| O|  |TAMS 0x0000000086c00000, 0x0000000086d00000| Untracked 
|  17|0x0000000086d00000, 0x0000000086e00000, 0x0000000086e00000|100%| O|  |TAMS 0x0000000086d00000, 0x0000000086e00000| Untracked 
|  18|0x0000000086e00000, 0x0000000086f00000, 0x0000000086f00000|100%| O|  |TAMS 0x0000000086e00000, 0x0000000086f00000| Untracked 
|  19|0x0000000086f00000, 0x0000000087000000, 0x0000000087000000|100%| O|  |TAMS 0x0000000086f00000, 0x0000000087000000| Untracked 
|  20|0x0000000087000000, 0x0000000087100000, 0x0000000087100000|100%| O|  |TAMS 0x0000000087000000, 0x0000000087100000| Untracked 
|  21|0x0000000087100000, 0x0000000087200000, 0x0000000087200000|100%|HS|  |TAMS 0x0000000087100000, 0x0000000087200000| Complete 
|  22|0x0000000087200000, 0x0000000087300000, 0x0000000087300000|100%|HC|  |TAMS 0x0000000087200000, 0x0000000087300000| Complete 
|  23|0x0000000087300000, 0x0000000087400000, 0x0000000087400000|100%| O|  |TAMS 0x0000000087300000, 0x0000000087400000| Untracked 
|  24|0x0000000087400000, 0x0000000087500000, 0x0000000087500000|100%| O|  |TAMS 0x0000000087400000, 0x0000000087500000| Untracked 
|  25|0x0000000087500000, 0x0000000087600000, 0x0000000087600000|100%| O|  |TAMS 0x0000000087500000, 0x0000000087600000| Untracked 
|  26|0x0000000087600000, 0x0000000087700000, 0x0000000087700000|100%| O|  |TAMS 0x0000000087600000, 0x0000000087700000| Untracked 
|  27|0x0000000087700000, 0x0000000087800000, 0x0000000087800000|100%| O|  |TAMS 0x0000000087700000, 0x0000000087800000| Untracked 
|  28|0x0000000087800000, 0x0000000087900000, 0x0000000087900000|100%| O|  |TAMS 0x0000000087800000, 0x0000000087900000| Untracked 
|  29|0x0000000087900000, 0x0000000087a00000, 0x0000000087a00000|100%| O|  |TAMS 0x0000000087900000, 0x0000000087a00000| Untracked 
|  30|0x0000000087a00000, 0x0000000087b00000, 0x0000000087b00000|100%| O|  |TAMS 0x0000000087a00000, 0x0000000087b00000| Untracked 
|  31|0x0000000087b00000, 0x0000000087c00000, 0x0000000087c00000|100%| O|  |TAMS 0x0000000087b00000, 0x0000000087c00000| Untracked 
|  32|0x0000000087c00000, 0x0000000087d00000, 0x0000000087d00000|100%| O|  |TAMS 0x0000000087c00000, 0x0000000087d00000| Untracked 
|  33|0x0000000087d00000, 0x0000000087e00000, 0x0000000087e00000|100%| O|  |TAMS 0x0000000087d00000, 0x0000000087e00000| Untracked 
|  34|0x0000000087e00000, 0x0000000087f00000, 0x0000000087f00000|100%| O|  |TAMS 0x0000000087e00000, 0x0000000087f00000| Untracked 
|  35|0x0000000087f00000, 0x0000000088000000, 0x0000000088000000|100%| O|  |TAMS 0x0000000087f00000, 0x0000000088000000| Untracked 
|  36|0x0000000088000000, 0x0000000088100000, 0x0000000088100000|100%| O|  |TAMS 0x0000000088000000, 0x0000000088100000| Untracked 
|  37|0x0000000088100000, 0x0000000088200000, 0x0000000088200000|100%| O|  |TAMS 0x0000000088100000, 0x0000000088200000| Untracked 
|  38|0x0000000088200000, 0x0000000088300000, 0x0000000088300000|100%| O|  |TAMS 0x0000000088200000, 0x0000000088252c00| Untracked 
|  39|0x0000000088300000, 0x0000000088400000, 0x0000000088400000|100%| O|  |TAMS 0x0000000088300000, 0x0000000088300000| Untracked 
|  40|0x0000000088400000, 0x0000000088500000, 0x0000000088500000|100%| O|  |TAMS 0x0000000088400000, 0x0000000088400000| Untracked 
|  41|0x0000000088500000, 0x0000000088600000, 0x0000000088600000|100%| O|  |TAMS 0x0000000088500000, 0x0000000088500000| Untracked 
|  42|0x0000000088600000, 0x0000000088700000, 0x0000000088700000|100%| O|  |TAMS 0x0000000088600000, 0x0000000088600000| Untracked 
|  43|0x0000000088700000, 0x0000000088700000, 0x0000000088800000|  0%| F|  |TAMS 0x0000000088700000, 0x0000000088700000| Untracked 
|  44|0x0000000088800000, 0x0000000088800000, 0x0000000088900000|  0%| F|  |TAMS 0x0000000088800000, 0x0000000088800000| Untracked 
|  45|0x0000000088900000, 0x0000000088900000, 0x0000000088a00000|  0%| F|  |TAMS 0x0000000088900000, 0x0000000088900000| Untracked 
|  46|0x0000000088a00000, 0x0000000088a00000, 0x0000000088b00000|  0%| F|  |TAMS 0x0000000088a00000, 0x0000000088a00000| Untracked 
|  47|0x0000000088b00000, 0x0000000088b00000, 0x0000000088c00000|  0%| F|  |TAMS 0x0000000088b00000, 0x0000000088b00000| Untracked 
|  48|0x0000000088c00000, 0x0000000088c00000, 0x0000000088d00000|  0%| F|  |TAMS 0x0000000088c00000, 0x0000000088c00000| Untracked 
|  49|0x0000000088d00000, 0x0000000088d00000, 0x0000000088e00000|  0%| F|  |TAMS 0x0000000088d00000, 0x0000000088d00000| Untracked 
|  50|0x0000000088e00000, 0x0000000088e00000, 0x0000000088f00000|  0%| F|  |TAMS 0x0000000088e00000, 0x0000000088e00000| Untracked 
|  51|0x0000000088f00000, 0x0000000088f00000, 0x0000000089000000|  0%| F|  |TAMS 0x0000000088f00000, 0x0000000088f00000| Untracked 
|  52|0x0000000089000000, 0x0000000089000000, 0x0000000089100000|  0%| F|  |TAMS 0x0000000089000000, 0x0000000089000000| Untracked 
|  53|0x0000000089100000, 0x0000000089200000, 0x0000000089200000|100%| E|CS|TAMS 0x0000000089100000, 0x0000000089200000| Complete 
|  54|0x0000000089200000, 0x0000000089300000, 0x0000000089300000|100%| E|CS|TAMS 0x0000000089200000, 0x0000000089300000| Complete 
|  55|0x0000000089300000, 0x0000000089400000, 0x0000000089400000|100%| E|CS|TAMS 0x0000000089300000, 0x0000000089400000| Complete 
|  56|0x0000000089400000, 0x0000000089500000, 0x0000000089500000|100%| E|CS|TAMS 0x0000000089400000, 0x0000000089500000| Complete 
|  57|0x0000000089500000, 0x0000000089600000, 0x0000000089600000|100%| S|  |TAMS 0x0000000089500000, 0x0000000089500000| Complete 
|  58|0x0000000089600000, 0x0000000089700000, 0x0000000089700000|100%| S|  |TAMS 0x0000000089600000, 0x0000000089600000| Complete 
|  59|0x0000000089700000, 0x0000000089800000, 0x0000000089800000|100%| S|  |TAMS 0x0000000089700000, 0x0000000089700000| Complete 
|  60|0x0000000089800000, 0x0000000089900000, 0x0000000089900000|100%| E|CS|TAMS 0x0000000089800000, 0x0000000089900000| Complete 
|  61|0x0000000089900000, 0x0000000089a00000, 0x0000000089a00000|100%| E|CS|TAMS 0x0000000089900000, 0x0000000089a00000| Complete 
|  62|0x0000000089a00000, 0x0000000089b00000, 0x0000000089b00000|100%| E|CS|TAMS 0x0000000089a00000, 0x0000000089b00000| Complete 
|  63|0x0000000089b00000, 0x0000000089c00000, 0x0000000089c00000|100%| E|CS|TAMS 0x0000000089b00000, 0x0000000089c00000| Complete 
|  64|0x0000000089c00000, 0x0000000089d00000, 0x0000000089d00000|100%| E|CS|TAMS 0x0000000089c00000, 0x0000000089d00000| Complete 
|  65|0x0000000089d00000, 0x0000000089e00000, 0x0000000089e00000|100%| E|CS|TAMS 0x0000000089d00000, 0x0000000089e00000| Complete 
|  66|0x0000000089e00000, 0x0000000089f00000, 0x0000000089f00000|100%| E|CS|TAMS 0x0000000089e00000, 0x0000000089f00000| Complete 
|  67|0x0000000089f00000, 0x000000008a000000, 0x000000008a000000|100%| E|CS|TAMS 0x0000000089f00000, 0x000000008a000000| Complete 
|  68|0x000000008a000000, 0x000000008a100000, 0x000000008a100000|100%| E|CS|TAMS 0x000000008a000000, 0x000000008a100000| Complete 
|  69|0x000000008a100000, 0x000000008a200000, 0x000000008a200000|100%| E|CS|TAMS 0x000000008a100000, 0x000000008a200000| Complete 
|  70|0x000000008a200000, 0x000000008a300000, 0x000000008a300000|100%| E|CS|TAMS 0x000000008a200000, 0x000000008a300000| Complete 
|  71|0x000000008a300000, 0x000000008a400000, 0x000000008a400000|100%| E|CS|TAMS 0x000000008a300000, 0x000000008a400000| Complete 
|  72|0x000000008a400000, 0x000000008a500000, 0x000000008a500000|100%| E|CS|TAMS 0x000000008a400000, 0x000000008a500000| Complete 
|  94|0x000000008ba00000, 0x000000008bb00000, 0x000000008bb00000|100%| E|CS|TAMS 0x000000008ba00000, 0x000000008bb00000| Complete 
|  95|0x000000008bb00000, 0x000000008bc00000, 0x000000008bc00000|100%| E|CS|TAMS 0x000000008bb00000, 0x000000008bc00000| Complete 
|  96|0x000000008bc00000, 0x000000008bd00000, 0x000000008bd00000|100%| E|CS|TAMS 0x000000008bc00000, 0x000000008bd00000| Complete 
|  97|0x000000008bd00000, 0x000000008be00000, 0x000000008be00000|100%| E|CS|TAMS 0x000000008bd00000, 0x000000008be00000| Complete 
| 123|0x000000008d700000, 0x000000008d800000, 0x000000008d800000|100%| E|CS|TAMS 0x000000008d700000, 0x000000008d800000| Complete 

Card table byte_map: [0x000072bdeda00000,0x000072bdeddd2000] _byte_map_base: 0x000072bded5d2000

Marking Bits (Prev, Next): (CMBitMap*) 0x000072bde807fe00, (CMBitMap*) 0x000072bde807fe40
 Prev Bits: [0x000072bdd3a00000, 0x000072bdd5890000)
 Next Bits: [0x000072bdd1a00000, 0x000072bdd3890000)

Polling page: 0x000072bdeff97000

Metaspace:

Usage:
  Non-class:     48.62 MB used.
      Class:      6.59 MB used.
       Both:     55.22 MB used.

Virtual space:
  Non-class space:       64.00 MB reserved,      48.81 MB ( 76%) committed,  1 nodes.
      Class space:        1.00 GB reserved,       6.75 MB ( <1%) committed,  1 nodes.
             Both:        1.06 GB reserved,      55.56 MB (  5%) committed. 

Chunk freelists:
   Non-Class:  14.30 MB
       Class:  9.22 MB
        Both:  23.52 MB

MaxMetaspaceSize: unlimited
CompressedClassSpaceSize: 1.00 GB
Initial GC threshold: 21.00 MB
Current GC threshold: 59.19 MB
CDS: off
MetaspaceReclaimPolicy: balanced
 - commit_granule_bytes: 65536.
 - commit_granule_words: 8192.
 - virtual_space_node_default_size: 8388608.
 - enlarge_chunks_in_place: 1.
 - new_chunks_are_fully_committed: 0.
 - uncommit_free_chunks: 1.
 - use_allocation_guard: 0.
 - handle_deallocations: 1.


Internal statistics:

num_allocs_failed_limit: 6.
num_arena_births: 260.
num_arena_deaths: 0.
num_vsnodes_births: 2.
num_vsnodes_deaths: 0.
num_space_committed: 887.
num_space_uncommitted: 0.
num_chunks_returned_to_freelist: 6.
num_chunks_taken_from_freelist: 1958.
num_chunk_merges: 6.
num_chunk_splits: 1594.
num_chunks_enlarged: 1409.
num_inconsistent_stats: 0.

CodeHeap 'non-profiled nmethods': size=120032Kb used=2738Kb max_used=2738Kb free=117293Kb
 bounds [0x000072bddd4c8000, 0x000072bddd778000, 0x000072bde4a00000]
CodeHeap 'profiled nmethods': size=120028Kb used=13488Kb max_used=13488Kb free=106540Kb
 bounds [0x000072bdd5a00000, 0x000072bdd6730000, 0x000072bddcf37000]
CodeHeap 'non-nmethods': size=5700Kb used=1298Kb max_used=1327Kb free=4401Kb
 bounds [0x000072bddcf37000, 0x000072bddd1a7000, 0x000072bddd4c8000]
 total_blobs=6701 nmethods=6103 adapters=508
 compilation: enabled
              stopped_count=0, restarted_count=0
 full_count=0

Compilation events (20 events):
Event: 6.950 Thread 0x000072bde81b4910 nmethod 6146 0x000072bdd671ee90 code [0x000072bdd671f0c0, 0x000072bdd671f7a0]
Event: 6.952 Thread 0x000072bde81b4910 6147       3       org.jetbrains.kotlin.descriptors.DescriptorVisibilities$3::isVisible (153 bytes)
Event: 6.954 Thread 0x000072bde81b4910 nmethod 6147 0x000072bdd671f990 code [0x000072bdd671fde0, 0x000072bdd6721d50]
Event: 6.955 Thread 0x000072bde81b4910 6148       3       org.jetbrains.kotlin.resolve.DescriptorUtils::isCompanionObject (28 bytes)
Event: 6.955 Thread 0x000072bde81b4910 nmethod 6148 0x000072bdd6722610 code [0x000072bdd6722800, 0x000072bdd6722f10]
Event: 6.955 Thread 0x000072bde81b4910 6149       3       org.jetbrains.kotlin.types.TypeSubstitutor::projectedTypeForConflictedTypeWithUnsafeVariance (204 bytes)
Event: 6.958 Thread 0x000072bde81b4910 nmethod 6149 0x000072bdd6723090 code [0x000072bdd6723620, 0x000072bdd6725eb0]
Event: 6.958 Thread 0x000072bde81b4910 6150       3       org.jetbrains.kotlin.types.TypeCapabilitiesKt::getCustomTypeParameter (53 bytes)
Event: 6.959 Thread 0x000072bde81b4910 nmethod 6150 0x000072bdd6726b90 code [0x000072bdd6726de0, 0x000072bdd67277f0]
Event: 6.960 Thread 0x000072bde81b4910 6151       3       org.jetbrains.kotlin.descriptors.DelegatedDescriptorVisibility::normalize (17 bytes)
Event: 6.960 Thread 0x000072bde81b4910 nmethod 6151 0x000072bdd6727b10 code [0x000072bdd6727ce0, 0x000072bdd6727fa0]
Event: 6.960 Thread 0x000072bde81b4910 6152       3       org.jetbrains.kotlin.name.Name::special (55 bytes)
Event: 6.961 Thread 0x000072bde81b4910 nmethod 6152 0x000072bdd6728090 code [0x000072bdd6728320, 0x000072bdd6728c40]
Event: 6.961 Thread 0x000072bde81b4910 6153       3       org.jetbrains.kotlin.descriptors.impl.PropertyDescriptorImpl::normalizeVisibility (23 bytes)
Event: 6.962 Thread 0x000072bde81b4910 nmethod 6153 0x000072bdd6729010 code [0x000072bdd6729220, 0x000072bdd67297d0]
Event: 6.962 Thread 0x000072bde81b4910 6154       3       org.jetbrains.kotlin.resolve.lazy.descriptors.AbstractLazyMemberScope::getContributedVariables (34 bytes)
Event: 6.963 Thread 0x000072bde81b4910 nmethod 6154 0x000072bdd6729990 code [0x000072bdd6729c40, 0x000072bdd672a910]
Event: 6.963 Thread 0x000072bde81b4910 6158       3       org.jetbrains.kotlin.cli.jvm.compiler.KotlinToJVMBytecodeCompiler$DirectoriesScope::contains (55 bytes)
Event: 6.964 Thread 0x000072bde81b4910 nmethod 6158 0x000072bdd672ad90 code [0x000072bdd672b020, 0x000072bdd672bc10]
Event: 6.964 Thread 0x000072bde81b4910 6155       3       org.jetbrains.kotlin.resolve.lazy.descriptors.LazyClassMemberScope::getContributedVariables (35 bytes)

GC Heap History (20 events):
Event: 1.940 GC heap after
{Heap after GC invocations=6 (full 0):
 garbage-first heap   total 40960K, used 12093K [0x0000000085c00000, 0x0000000100000000)
  region size 1024K, 1 young (1024K), 1 survivors (1024K)
 Metaspace       used 27661K, committed 27904K, reserved 1114112K
  class space    used 3199K, committed 3328K, reserved 1048576K
}
Event: 2.279 GC heap before
{Heap before GC invocations=6 (full 0):
 garbage-first heap   total 40960K, used 31549K [0x0000000085c00000, 0x0000000100000000)
  region size 1024K, 18 young (18432K), 1 survivors (1024K)
 Metaspace       used 30506K, committed 30784K, reserved 1114112K
  class space    used 3837K, committed 3968K, reserved 1048576K
}
Event: 2.288 GC heap after
{Heap after GC invocations=7 (full 0):
 garbage-first heap   total 63488K, used 18104K [0x0000000085c00000, 0x0000000100000000)
  region size 1024K, 3 young (3072K), 3 survivors (3072K)
 Metaspace       used 30506K, committed 30784K, reserved 1114112K
  class space    used 3837K, committed 3968K, reserved 1048576K
}
Event: 2.722 GC heap before
{Heap before GC invocations=7 (full 0):
 garbage-first heap   total 63488K, used 38584K [0x0000000085c00000, 0x0000000100000000)
  region size 1024K, 24 young (24576K), 3 survivors (3072K)
 Metaspace       used 35884K, committed 36096K, reserved 1114112K
  class space    used 4647K, committed 4736K, reserved 1048576K
}
Event: 2.732 GC heap after
{Heap after GC invocations=8 (full 0):
 garbage-first heap   total 63488K, used 18229K [0x0000000085c00000, 0x0000000100000000)
  region size 1024K, 3 young (3072K), 3 survivors (3072K)
 Metaspace       used 35884K, committed 36096K, reserved 1114112K
  class space    used 4647K, committed 4736K, reserved 1048576K
}
Event: 3.108 GC heap before
{Heap before GC invocations=9 (full 0):
 garbage-first heap   total 63488K, used 42805K [0x0000000085c00000, 0x0000000100000000)
  region size 1024K, 27 young (27648K), 3 survivors (3072K)
 Metaspace       used 40968K, committed 41216K, reserved 1114112K
  class space    used 5128K, committed 5248K, reserved 1048576K
}
Event: 3.118 GC heap after
{Heap after GC invocations=10 (full 0):
 garbage-first heap   total 63488K, used 21174K [0x0000000085c00000, 0x0000000100000000)
  region size 1024K, 3 young (3072K), 3 survivors (3072K)
 Metaspace       used 40968K, committed 41216K, reserved 1114112K
  class space    used 5128K, committed 5248K, reserved 1048576K
}
Event: 3.737 GC heap before
{Heap before GC invocations=10 (full 0):
 garbage-first heap   total 63488K, used 43702K [0x0000000085c00000, 0x0000000100000000)
  region size 1024K, 26 young (26624K), 3 survivors (3072K)
 Metaspace       used 46925K, committed 47168K, reserved 1114112K
  class space    used 5819K, committed 5888K, reserved 1048576K
}
Event: 3.750 GC heap after
{Heap after GC invocations=11 (full 0):
 garbage-first heap   total 63488K, used 22958K [0x0000000085c00000, 0x0000000100000000)
  region size 1024K, 2 young (2048K), 2 survivors (2048K)
 Metaspace       used 46925K, committed 47168K, reserved 1114112K
  class space    used 5819K, committed 5888K, reserved 1048576K
}
Event: 4.354 GC heap before
{Heap before GC invocations=11 (full 0):
 garbage-first heap   total 63488K, used 48558K [0x0000000085c00000, 0x0000000100000000)
  region size 1024K, 25 young (25600K), 2 survivors (2048K)
 Metaspace       used 49766K, committed 49984K, reserved 1114112K
  class space    used 6135K, committed 6272K, reserved 1048576K
}
Event: 4.379 GC heap after
{Heap after GC invocations=12 (full 0):
 garbage-first heap   total 63488K, used 30209K [0x0000000085c00000, 0x0000000100000000)
  region size 1024K, 4 young (4096K), 4 survivors (4096K)
 Metaspace       used 49766K, committed 49984K, reserved 1114112K
  class space    used 6135K, committed 6272K, reserved 1048576K
}
Event: 4.506 GC heap before
{Heap before GC invocations=12 (full 0):
 garbage-first heap   total 63488K, used 47617K [0x0000000085c00000, 0x0000000100000000)
  region size 1024K, 21 young (21504K), 4 survivors (4096K)
 Metaspace       used 49855K, committed 50112K, reserved 1114112K
  class space    used 6135K, committed 6272K, reserved 1048576K
}
Event: 4.517 GC heap after
{Heap after GC invocations=13 (full 0):
 garbage-first heap   total 79872K, used 31820K [0x0000000085c00000, 0x0000000100000000)
  region size 1024K, 2 young (2048K), 2 survivors (2048K)
 Metaspace       used 49855K, committed 50112K, reserved 1114112K
  class space    used 6135K, committed 6272K, reserved 1048576K
}
Event: 5.203 GC heap before
{Heap before GC invocations=13 (full 0):
 garbage-first heap   total 79872K, used 58444K [0x0000000085c00000, 0x0000000100000000)
  region size 1024K, 28 young (28672K), 2 survivors (2048K)
 Metaspace       used 53796K, committed 54080K, reserved 1114112K
  class space    used 6550K, committed 6720K, reserved 1048576K
}
Event: 5.216 GC heap after
{Heap after GC invocations=14 (full 0):
 garbage-first heap   total 79872K, used 34146K [0x0000000085c00000, 0x0000000100000000)
  region size 1024K, 4 young (4096K), 4 survivors (4096K)
 Metaspace       used 53796K, committed 54080K, reserved 1114112K
  class space    used 6550K, committed 6720K, reserved 1048576K
}
Event: 6.040 GC heap before
{Heap before GC invocations=14 (full 0):
 garbage-first heap   total 79872K, used 60770K [0x0000000085c00000, 0x0000000100000000)
  region size 1024K, 30 young (30720K), 4 survivors (4096K)
 Metaspace       used 54876K, committed 55168K, reserved 1114112K
  class space    used 6578K, committed 6720K, reserved 1048576K
}
Event: 6.058 GC heap after
{Heap after GC invocations=15 (full 0):
 garbage-first heap   total 79872K, used 39001K [0x0000000085c00000, 0x0000000100000000)
  region size 1024K, 4 young (4096K), 4 survivors (4096K)
 Metaspace       used 54876K, committed 55168K, reserved 1114112K
  class space    used 6578K, committed 6720K, reserved 1048576K
}
Event: 6.552 GC heap before
{Heap before GC invocations=15 (full 0):
 garbage-first heap   total 79872K, used 60505K [0x0000000085c00000, 0x0000000100000000)
  region size 1024K, 25 young (25600K), 4 survivors (4096K)
 Metaspace       used 55326K, committed 55552K, reserved 1114112K
  class space    used 6593K, committed 6720K, reserved 1048576K
}
Event: 6.568 GC heap after
{Heap after GC invocations=16 (full 0):
 garbage-first heap   total 79872K, used 43339K [0x0000000085c00000, 0x0000000100000000)
  region size 1024K, 4 young (4096K), 4 survivors (4096K)
 Metaspace       used 55326K, committed 55552K, reserved 1114112K
  class space    used 6593K, committed 6720K, reserved 1048576K
}
Event: 6.965 GC heap before
{Heap before GC invocations=16 (full 0):
 garbage-first heap   total 79872K, used 61771K [0x0000000085c00000, 0x0000000100000000)
  region size 1024K, 22 young (22528K), 4 survivors (4096K)
 Metaspace       used 56540K, committed 56896K, reserved 1114112K
  class space    used 6751K, committed 6912K, reserved 1048576K
}

Dll operation events (6 events):
Event: 0.003 Loaded shared library /snap/android-studio/161/jbr/lib/libjava.so
Event: 0.133 Loaded shared library /snap/android-studio/161/jbr/lib/libnio.so
Event: 0.177 Loaded shared library /snap/android-studio/161/jbr/lib/libzip.so
Event: 0.228 Loaded shared library /snap/android-studio/161/jbr/lib/libjimage.so
Event: 0.302 Loaded shared library /snap/android-studio/161/jbr/lib/libverify.so
Event: 0.366 Loaded shared library /tmp/libjansi-1.9.0-release-358-10870707399112633102.so

Deoptimization events (20 events):
Event: 6.810 Thread 0x000072bde8025ce0 DEOPT PACKING pc=0x000072bddd690124 sp=0x000072bdee9b0df0
Event: 6.810 Thread 0x000072bde8025ce0 DEOPT UNPACKING pc=0x000072bddcf8d699 sp=0x000072bdee9b0d98 mode 2
Event: 6.826 Thread 0x000072bde8025ce0 Uncommon trap: trap_request=0xffffffc6 fr.pc=0x000072bddd7241f8 relative=0x0000000000000578
Event: 6.826 Thread 0x000072bde8025ce0 Uncommon trap: reason=bimorphic_or_optimized_type_check action=maybe_recompile pc=0x000072bddd7241f8 method=kotlin.sequences.FlatteningSequence$iterator$1.ensureItemIterator()Z @ 59 c2
Event: 6.826 Thread 0x000072bde8025ce0 DEOPT PACKING pc=0x000072bddd7241f8 sp=0x000072bdee9b1670
Event: 6.826 Thread 0x000072bde8025ce0 DEOPT UNPACKING pc=0x000072bddcf8d699 sp=0x000072bdee9b1628 mode 2
Event: 6.830 Thread 0x000072bde8025ce0 Uncommon trap: trap_request=0xffffffc6 fr.pc=0x000072bddd7241f8 relative=0x0000000000000578
Event: 6.830 Thread 0x000072bde8025ce0 Uncommon trap: reason=bimorphic_or_optimized_type_check action=maybe_recompile pc=0x000072bddd7241f8 method=kotlin.sequences.FlatteningSequence$iterator$1.ensureItemIterator()Z @ 59 c2
Event: 6.830 Thread 0x000072bde8025ce0 DEOPT PACKING pc=0x000072bddd7241f8 sp=0x000072bdee9b1670
Event: 6.830 Thread 0x000072bde8025ce0 DEOPT UNPACKING pc=0x000072bddcf8d699 sp=0x000072bdee9b1628 mode 2
Event: 6.837 Thread 0x000072bde8025ce0 Uncommon trap: trap_request=0xffffff45 fr.pc=0x000072bddd744718 relative=0x0000000000000738
Event: 6.837 Thread 0x000072bde8025ce0 Uncommon trap: reason=unstable_if action=reinterpret pc=0x000072bddd744718 method=org.jetbrains.kotlin.types.ClassifierBasedTypeConstructor.equals(Ljava/lang/Object;)Z @ 24 c2
Event: 6.837 Thread 0x000072bde8025ce0 DEOPT PACKING pc=0x000072bddd744718 sp=0x000072bdee9b1380
Event: 6.837 Thread 0x000072bde8025ce0 DEOPT UNPACKING pc=0x000072bddcf8d699 sp=0x000072bdee9b1358 mode 2
Event: 6.838 Thread 0x000072bde8025ce0 Uncommon trap: trap_request=0xffffff45 fr.pc=0x000072bddd573390 relative=0x00000000000001f0
Event: 6.838 Thread 0x000072bde8025ce0 Uncommon trap: reason=unstable_if action=reinterpret pc=0x000072bddd573390 method=java.util.HashMap.getNode(Ljava/lang/Object;)Ljava/util/HashMap$Node; @ 66 c2
Event: 6.838 Thread 0x000072bde8025ce0 DEOPT PACKING pc=0x000072bddd573390 sp=0x000072bdee9b0a20
Event: 6.838 Thread 0x000072bde8025ce0 DEOPT UNPACKING pc=0x000072bddcf8d699 sp=0x000072bdee9b0950 mode 2
Event: 6.893 Thread 0x000072bde8025ce0 DEOPT PACKING pc=0x000072bdd618c029 sp=0x000072bdee9b1950
Event: 6.893 Thread 0x000072bde8025ce0 DEOPT UNPACKING pc=0x000072bddcf8de2f sp=0x000072bdee9b0e78 mode 0

Classes unloaded (0 events):
No events

Classes redefined (0 events):
No events

Internal exceptions (20 events):
Event: 1.948 Thread 0x000072bde8025ce0 Exception <a 'java/lang/NoSuchMethodError'{0x000000008d726ad0}: 'void java.lang.invoke.DirectMethodHandle$Holder.invokeVirtual(java.lang.Object, java.lang.Object)'> (0x000000008d726ad0) 
thrown [src/hotspot/share/interpreter/linkResolver.cpp, line 771]
Event: 1.956 Thread 0x000072bde8025ce0 Exception <a 'java/lang/NoSuchMethodError'{0x000000008d784ad0}: 'int java.lang.invoke.DirectMethodHandle$Holder.invokeVirtual(java.lang.Object, java.lang.Object)'> (0x000000008d784ad0) 
thrown [src/hotspot/share/interpreter/linkResolver.cpp, line 771]
Event: 1.977 Thread 0x000072bde8025ce0 Exception <a 'java/lang/NoSuchMethodError'{0x000000008bc21588}: 'java.lang.Object java.lang.invoke.Invokers$Holder.invokeExact_MT(java.lang.Object, java.lang.Object, java.lang.Object, java.lang.Object, java.lang.Object, java.lang.Object)'> (0x000000008bc21588) 
thrown [src/hotspot/share/interpreter/linkResolver.cpp, line 771]
Event: 2.500 Thread 0x000072bde8025ce0 Implicit null exception at 0x000072bddd4e5354 to 0x000072bddd4e5918
Event: 2.624 Thread 0x000072bde8025ce0 Implicit null exception at 0x000072bddd4e87d4 to 0x000072bddd4e8d8c
Event: 2.668 Thread 0x000072bde8025ce0 Exception <a 'java/lang/NoSuchMethodError'{0x0000000088889468}: 'java.lang.Object java.lang.invoke.DirectMethodHandle$Holder.invokeVirtual(java.lang.Object, java.lang.Object, java.lang.Object)'> (0x0000000088889468) 
thrown [src/hotspot/share/interpreter/linkResolver.cpp, line 771]
Event: 3.399 Thread 0x000072bde8025ce0 Exception <a 'java/lang/NoSuchMethodError'{0x0000000088cc9b98}: 'java.lang.Object java.lang.invoke.DirectMethodHandle$Holder.newInvokeSpecial(java.lang.Object, java.lang.Object, int)'> (0x0000000088cc9b98) 
thrown [src/hotspot/share/interpreter/linkResolver.cpp, line 771]
Event: 3.574 Thread 0x000072bde8025ce0 Exception <a 'java/lang/NoSuchMethodError'{0x00000000889c7d90}: 'java.lang.Object java.lang.invoke.DirectMethodHandle$Holder.newInvokeSpecial(java.lang.Object, java.lang.Object, java.lang.Object, int)'> (0x00000000889c7d90) 
thrown [src/hotspot/share/interpreter/linkResolver.cpp, line 771]
Event: 3.574 Thread 0x000072bde8025ce0 Exception <a 'java/lang/NoSuchMethodError'{0x00000000889cc418}: 'java.lang.Object java.lang.invoke.DirectMethodHandle$Holder.invokeSpecial(java.lang.Object, java.lang.Object, java.lang.Object, java.lang.Object, int)'> (0x00000000889cc418) 
thrown [src/hotspot/share/interpreter/linkResolver.cpp, line 771]
Event: 3.575 Thread 0x000072bde8025ce0 Exception <a 'java/lang/NoSuchMethodError'{0x00000000889d0288}: 'java.lang.Object java.lang.invoke.Invokers$Holder.linkToTargetMethod(java.lang.Object, java.lang.Object, int, java.lang.Object)'> (0x00000000889d0288) 
thrown [src/hotspot/share/interpreter/linkResolver.cpp, line 771]
Event: 4.717 Thread 0x000072bde8025ce0 Exception <a 'java/lang/NoSuchMethodError'{0x0000000089eac128}: 'java.lang.Object java.lang.invoke.DirectMethodHandle$Holder.newInvokeSpecial(java.lang.Object, int, java.lang.Object)'> (0x0000000089eac128) 
thrown [src/hotspot/share/interpreter/linkResolver.cpp, line 771]
Event: 4.718 Thread 0x000072bde8025ce0 Exception <a 'java/lang/NoSuchMethodError'{0x0000000089eb2440}: 'int java.lang.invoke.DirectMethodHandle$Holder.invokeInterface(java.lang.Object, java.lang.Object)'> (0x0000000089eb2440) 
thrown [src/hotspot/share/interpreter/linkResolver.cpp, line 771]
Event: 4.759 Thread 0x000072bde8025ce0 Exception <a 'java/lang/NoSuchMethodError'{0x0000000089d44708}: 'java.lang.Object java.lang.invoke.DirectMethodHandle$Holder.invokeStaticInit(java.lang.Object, java.lang.Object, java.lang.Object)'> (0x0000000089d44708) 
thrown [src/hotspot/share/interpreter/linkResolver.cpp, line 771]
Event: 5.401 Thread 0x000072bde8025ce0 Exception <a 'java/lang/NoSuchMethodError'{0x000000008a078738}: 'java.lang.Object java.lang.invoke.DirectMethodHandle$Holder.newInvokeSpecial(java.lang.Object, java.lang.Object, java.lang.Object, java.lang.Object, java.lang.Object, java.lang.Object, java.lang.Object, java.lang.Object)'> (0x000000008a078738) 
thrown [src/hotspot/share/interpreter/linkResolver.cpp, line 771]
Event: 5.401 Thread 0x000072bde8025ce0 Exception <a 'java/lang/NoSuchMethodError'{0x000000008a07dd50}: 'java.lang.Object java.lang.invoke.DirectMethodHandle$Holder.invokeSpecial(java.lang.Object, java.lang.Object, java.lang.Object, java.lang.Object, java.lang.Object, java.lang.Object, java.lang.Object, java.lang.Object, java.lang.Object)'> (0x000000008a07dd50) 
thrown [src/hotspot/share/interpreter/linkResolver.cpp, line 771]
Event: 5.402 Thread 0x000072bde8025ce0 Exception <a 'java/lang/NoSuchMethodError'{0x000000008a083168}: 'java.lang.Object java.lang.invoke.Invokers$Holder.linkToTargetMethod(java.lang.Object, java.lang.Object, java.lang.Object, java.lang.Object, java.lang.Object, java.lang.Object, java.lang.Object, java.lang.Object)'> (0x000000008a083168) 
thrown [src/hotspot/share/interpreter/linkResolver.cpp, line 771]
Event: 5.445 Thread 0x000072bde8025ce0 Exception <a 'java/lang/NoSuchMethodError'{0x0000000089f62e30}: 'java.lang.Object java.lang.invoke.DirectMethodHandle$Holder.newInvokeSpecial(java.lang.Object, java.lang.Object, java.lang.Object, java.lang.Object, java.lang.Object, java.lang.Object)'> (0x0000000089f62e30) 
thrown [src/hotspot/share/interpreter/linkResolver.cpp, line 771]
Event: 6.735 Thread 0x000072bde8025ce0 Exception <a 'java/lang/NoSuchMethodError'{0x000000008a2d7b88}: 'int java.lang.invoke.DirectMethodHandle$Holder.invokeStaticInit(java.lang.Object, int)'> (0x000000008a2d7b88) 
thrown [src/hotspot/share/interpreter/linkResolver.cpp, line 771]
Event: 6.742 Thread 0x000072bde8025ce0 Implicit null exception at 0x000072bddd754c97 to 0x000072bddd75546c
Event: 6.835 Thread 0x000072bde8025ce0 Exception <a 'java/lang/NoSuchMethodError'{0x0000000089e7a980}: 'java.lang.Object java.lang.invoke.DirectMethodHandle$Holder.newInvokeSpecial(java.lang.Object, int, java.lang.Object, java.lang.Object)'> (0x0000000089e7a980) 
thrown [src/hotspot/share/interpreter/linkResolver.cpp, line 771]

VM Operations (20 events):
Event: 6.211 Executing VM operation: ICBufferFull done
Event: 6.362 Executing VM operation: ICBufferFull
Event: 6.362 Executing VM operation: ICBufferFull done
Event: 6.500 Executing VM operation: ICBufferFull
Event: 6.500 Executing VM operation: ICBufferFull done
Event: 6.552 Executing VM operation: G1CollectForAllocation
Event: 6.568 Executing VM operation: G1CollectForAllocation done
Event: 6.716 Executing VM operation: ICBufferFull
Event: 6.716 Executing VM operation: ICBufferFull done
Event: 6.739 Executing VM operation: HandshakeAllThreads
Event: 6.739 Executing VM operation: HandshakeAllThreads done
Event: 6.782 Executing VM operation: HandshakeAllThreads
Event: 6.782 Executing VM operation: HandshakeAllThreads done
Event: 6.793 Executing VM operation: HandshakeAllThreads
Event: 6.793 Executing VM operation: HandshakeAllThreads done
Event: 6.856 Executing VM operation: HandshakeAllThreads
Event: 6.857 Executing VM operation: HandshakeAllThreads done
Event: 6.912 Executing VM operation: ICBufferFull
Event: 6.912 Executing VM operation: ICBufferFull done
Event: 6.965 Executing VM operation: G1CollectForAllocation

Events (20 events):
Event: 3.886 loading class java/util/stream/Sink$OfInt
Event: 3.886 loading class java/util/function/IntConsumer
Event: 3.886 loading class java/util/function/IntConsumer done
Event: 3.886 loading class java/util/stream/Sink$OfInt done
Event: 3.886 loading class java/util/stream/Sink$ChainedInt done
Event: 3.886 loading class java/util/stream/IntPipeline$1$1 done
Event: 3.909 loading class java/text/StringCharacterIterator
Event: 3.909 loading class java/text/CharacterIterator
Event: 3.909 loading class java/text/CharacterIterator done
Event: 3.909 loading class java/text/StringCharacterIterator done
Event: 4.007 loading class java/security/CodeSigner
Event: 4.008 loading class java/security/CodeSigner done
Event: 4.879 loading class java/util/Collections$SingletonMap
Event: 4.880 loading class java/util/Collections$SingletonMap done
Event: 6.909 loading class java/util/regex/Pattern$Bound
Event: 6.909 loading class java/util/regex/Pattern$Bound done
Event: 6.910 loading class java/util/regex/Pattern$LookBehindEndNode
Event: 6.911 loading class java/util/regex/Pattern$LookBehindEndNode done
Event: 6.911 loading class java/util/regex/Pattern$NotBehind
Event: 6.911 loading class java/util/regex/Pattern$NotBehind done


Dynamic libraries:
85c00000-8a500000 rw-p 00000000 00:00 0 
8a500000-8ba00000 ---p 00000000 00:00 0 
8ba00000-8be00000 rw-p 00000000 00:00 0 
8be00000-8d700000 ---p 00000000 00:00 0 
8d700000-8d800000 rw-p 00000000 00:00 0 
8d800000-100000000 ---p 00000000 00:00 0 
100000000-100030000 rw-p 00000000 00:00 0 
100030000-1000b0000 rw-p 00000000 00:00 0 
1000b0000-100170000 rw-p 00000000 00:00 0 
100170000-1005d0000 rw-p 00000000 00:00 0 
1005d0000-1005f0000 rw-p 00000000 00:00 0 
1005f0000-100600000 ---p 00000000 00:00 0 
100600000-1006d0000 rw-p 00000000 00:00 0 
1006d0000-140000000 ---p 00000000 00:00 0 
5e60be1d3000-5e60be1d4000 r--p 00000000 07:00 65                         /snap/android-studio/161/jbr/bin/java
5e60be1d4000-5e60be1d5000 r-xp 00000000 07:00 65                         /snap/android-studio/161/jbr/bin/java
5e60be1d5000-5e60be1d7000 r--p 00000000 07:00 65                         /snap/android-studio/161/jbr/bin/java
5e60be1d7000-5e60be1d8000 rw-p 00001000 07:00 65                         /snap/android-studio/161/jbr/bin/java
5e60bfb39000-5e60bfb81000 rw-p 00000000 00:00 0                          [heap]
72bd48000000-72bd48021000 rw-p 00000000 00:00 0 
72bd48021000-72bd4c000000 ---p 00000000 00:00 0 
72bd50000000-72bd50021000 rw-p 00000000 00:00 0 
72bd50021000-72bd54000000 ---p 00000000 00:00 0 
72bd54000000-72bd54035000 rw-p 00000000 00:00 0 
72bd54035000-72bd58000000 ---p 00000000 00:00 0 
72bd5c000000-72bd5c1da000 rw-p 00000000 00:00 0 
72bd5c1da000-72bd60000000 ---p 00000000 00:00 0 
72bd60000000-72bd6119f000 rw-p 00000000 00:00 0 
72bd6119f000-72bd64000000 ---p 00000000 00:00 0 
72bd68000000-72bd68021000 rw-p 00000000 00:00 0 
72bd68021000-72bd6c000000 ---p 00000000 00:00 0 
72bd6c000000-72bd6c021000 rw-p 00000000 00:00 0 
72bd6c021000-72bd70000000 ---p 00000000 00:00 0 
72bd74000000-72bd74021000 rw-p 00000000 00:00 0 
72bd74021000-72bd78000000 ---p 00000000 00:00 0 
72bd78000000-72bd78021000 rw-p 00000000 00:00 0 
72bd78021000-72bd7c000000 ---p 00000000 00:00 0 
72bd80000000-72bd80af2000 rw-p 00000000 00:00 0 
72bd80af2000-72bd84000000 ---p 00000000 00:00 0 
72bd84000000-72bd850b4000 rw-p 00000000 00:00 0 
72bd850b4000-72bd88000000 ---p 00000000 00:00 0 
72bd8c000000-72bd8c021000 rw-p 00000000 00:00 0 
72bd8c021000-72bd90000000 ---p 00000000 00:00 0 
72bd90000000-72bd90021000 rw-p 00000000 00:00 0 
72bd90021000-72bd94000000 ---p 00000000 00:00 0 
72bd98000000-72bd98021000 rw-p 00000000 00:00 0 
72bd98021000-72bd9c000000 ---p 00000000 00:00 0 
72bd9c000000-72bd9c021000 rw-p 00000000 00:00 0 
72bd9c021000-72bda0000000 ---p 00000000 00:00 0 
72bda4000000-72bda4021000 rw-p 00000000 00:00 0 
72bda4021000-72bda8000000 ---p 00000000 00:00 0 
72bda8000000-72bda8021000 rw-p 00000000 00:00 0 
72bda8021000-72bdac000000 ---p 00000000 00:00 0 
72bdb0000000-72bdb04f0000 rw-p 00000000 00:00 0 
72bdb04f0000-72bdb0570000 rw-p 00000000 00:00 0 
72bdb0570000-72bdb05f0000 rw-p 00000000 00:00 0 
72bdb05f0000-72bdb0670000 rw-p 00000000 00:00 0 
72bdb0670000-72bdb06f0000 rw-p 00000000 00:00 0 
72bdb06f0000-72bdb0970000 rw-p 00000000 00:00 0 
72bdb0970000-72bdb09f0000 rw-p 00000000 00:00 0 
72bdb09f0000-72bdb0cf0000 rw-p 00000000 00:00 0 
72bdb0cf0000-72bdb0df0000 rw-p 00000000 00:00 0 
72bdb0df0000-72bdb12f0000 rw-p 00000000 00:00 0 
72bdb12f0000-72bdb13f0000 rw-p 00000000 00:00 0 
72bdb13f0000-72bdb2650000 rw-p 00000000 00:00 0 
72bdb2650000-72bdb27b0000 rw-p 00000000 00:00 0 
72bdb27b0000-72bdb27f0000 rw-p 00000000 00:00 0 
72bdb27f0000-72bdb30c0000 rw-p 00000000 00:00 0 
72bdb30c0000-72bdb3100000 ---p 00000000 00:00 0 
72bdb3100000-72bdb3110000 rw-p 00000000 00:00 0 
72bdb3110000-72bdb4000000 ---p 00000000 00:00 0 
72bdb4000000-72bdb4021000 rw-p 00000000 00:00 0 
72bdb4021000-72bdb8000000 ---p 00000000 00:00 0 
72bdb8000000-72bdb8021000 rw-p 00000000 00:00 0 
72bdb8021000-72bdbc000000 ---p 00000000 00:00 0 
72bdc0000000-72bdc0021000 rw-p 00000000 00:00 0 
72bdc0021000-72bdc4000000 ---p 00000000 00:00 0 
72bdc4000000-72bdc4021000 rw-p 00000000 00:00 0 
72bdc4021000-72bdc8000000 ---p 00000000 00:00 0 
72bdca000000-72bdcc000000 rw-p 00000000 00:00 0 
72bdcc000000-72bdcc021000 rw-p 00000000 00:00 0 
72bdcc021000-72bdd0000000 ---p 00000000 00:00 0 
72bdd0a00000-72bdd0c9d000 rw-p 00000000 00:00 0 
72bdd0dfe000-72bdd0dff000 ---p 00000000 00:00 0 
72bdd0dff000-72bdd0eff000 rw-p 00000000 00:00 0 
72bdd0eff000-72bdd0f00000 ---p 00000000 00:00 0 
72bdd0f00000-72bdd1000000 rw-p 00000000 00:00 0 
72bdd1000000-72bdd1003000 r-xp 00000000 08:03 3423481                    /tmp/libjansi-1.9.0-release-358-10870707399112633102.so
72bdd1003000-72bdd1202000 ---p 00003000 08:03 3423481                    /tmp/libjansi-1.9.0-release-358-10870707399112633102.so
72bdd1202000-72bdd1203000 rw-p 00002000 08:03 3423481                    /tmp/libjansi-1.9.0-release-358-10870707399112633102.so
72bdd12fd000-72bdd12fe000 ---p 00000000 00:00 0 
72bdd12fe000-72bdd13fe000 rw-p 00000000 00:00 0 
72bdd13fe000-72bdd13ff000 ---p 00000000 00:00 0 
72bdd13ff000-72bdd14ff000 rw-p 00000000 00:00 0 
72bdd14ff000-72bdd1503000 ---p 00000000 00:00 0 
72bdd1503000-72bdd15ff000 rw-p 00000000 00:00 0 
72bdd15ff000-72bdd1603000 ---p 00000000 00:00 0 
72bdd1603000-72bdd16ff000 rw-p 00000000 00:00 0 
72bdd16ff000-72bdd1700000 ---p 00000000 00:00 0 
72bdd1700000-72bdd1800000 rw-p 00000000 00:00 0 
72bdd1800000-72bdd1804000 ---p 00000000 00:00 0 
72bdd1804000-72bdd1900000 rw-p 00000000 00:00 0 
72bdd1900000-72bdd1904000 ---p 00000000 00:00 0 
72bdd1904000-72bdd1a00000 rw-p 00000000 00:00 0 
72bdd1a00000-72bdd1b24000 rw-p 00000000 00:00 0 
72bdd1b24000-72bdd1b78000 ---p 00000000 00:00 0 
72bdd1b78000-72bdd1b88000 rw-p 00000000 00:00 0 
72bdd1b88000-72bdd1bec000 ---p 00000000 00:00 0 
72bdd1bec000-72bdd1bf0000 rw-p 00000000 00:00 0 
72bdd1bf0000-72bdd3890000 ---p 00000000 00:00 0 
72bdd3900000-72bdd3904000 ---p 00000000 00:00 0 
72bdd3904000-72bdd3a00000 rw-p 00000000 00:00 0 
72bdd3a00000-72bdd3b24000 rw-p 00000000 00:00 0 
72bdd3b24000-72bdd3b78000 ---p 00000000 00:00 0 
72bdd3b78000-72bdd3b88000 rw-p 00000000 00:00 0 
72bdd3b88000-72bdd3bec000 ---p 00000000 00:00 0 
72bdd3bec000-72bdd3bf0000 rw-p 00000000 00:00 0 
72bdd3bf0000-72bdd5890000 ---p 00000000 00:00 0 
72bdd5900000-72bdd5904000 ---p 00000000 00:00 0 
72bdd5904000-72bdd5a00000 rw-p 00000000 00:00 0 
72bdd5a00000-72bdd6730000 rwxp 00000000 00:00 0 
72bdd6730000-72bddcf37000 ---p 00000000 00:00 0 
72bddcf37000-72bddd1a7000 rwxp 00000000 00:00 0 
72bddd1a7000-72bddd4c8000 ---p 00000000 00:00 0 
72bddd4c8000-72bddd778000 rwxp 00000000 00:00 0 
72bddd778000-72bde4a00000 ---p 00000000 00:00 0 
72bde4a15000-72bde4a19000 ---p 00000000 00:00 0 
72bde4a19000-72bde4b15000 rw-p 00000000 00:00 0 
72bde4b15000-72bde8000000 r--s 00000000 07:00 474                        /snap/android-studio/161/jbr/lib/modules
72bde8000000-72bde9674000 rw-p 00000000 00:00 0 
72bde9674000-72bdec000000 ---p 00000000 00:00 0 
72bdec000000-72bdec004000 ---p 00000000 00:00 0 
72bdec004000-72bdec100000 rw-p 00000000 00:00 0 
72bdec100000-72bdec104000 ---p 00000000 00:00 0 
72bdec104000-72bdec200000 rw-p 00000000 00:00 0 
72bdec200000-72bdec7cb000 r--p 00000000 08:03 17074958                   /usr/lib/locale/locale-archive
72bdec82a000-72bdec85b000 rw-p 00000000 00:00 0 
72bdec85b000-72bdec85f000 ---p 00000000 00:00 0 
72bdec85f000-72bdec95b000 rw-p 00000000 00:00 0 
72bdec95b000-72bdec95f000 ---p 00000000 00:00 0 
72bdec95f000-72bdeca5b000 rw-p 00000000 00:00 0 
72bdeca5b000-72bdeca5c000 ---p 00000000 00:00 0 
72bdeca5c000-72bdecb5c000 rw-p 00000000 00:00 0 
72bdecc76000-72bdeccf7000 rw-p 00000000 00:00 0 
72bdeccf7000-72bdeccf8000 ---p 00000000 00:00 0 
72bdeccf8000-72bdecdf8000 rw-p 00000000 00:00 0 
72bdecdf8000-72bdecdf9000 ---p 00000000 00:00 0 
72bdecdf9000-72bdecef9000 rw-p 00000000 00:00 0 
72bdecef9000-72bded2fd000 rw-p 00000000 00:00 0 
72bded2fd000-72bded2fe000 ---p 00000000 00:00 0 
72bded2fe000-72bded3fe000 rw-p 00000000 00:00 0 
72bded3fe000-72bded3ff000 ---p 00000000 00:00 0 
72bded3ff000-72bded4ff000 rw-p 00000000 00:00 0 
72bded4ff000-72bded500000 ---p 00000000 00:00 0 
72bded500000-72bded600000 rw-p 00000000 00:00 0 
72bded600000-72bded625000 rw-p 00000000 00:00 0 
72bded625000-72bded62f000 ---p 00000000 00:00 0 
72bded62f000-72bded631000 rw-p 00000000 00:00 0 
72bded631000-72bded63d000 ---p 00000000 00:00 0 
72bded63d000-72bded63e000 rw-p 00000000 00:00 0 
72bded63e000-72bded9d2000 ---p 00000000 00:00 0 
72bdeda00000-72bdeda25000 rw-p 00000000 00:00 0 
72bdeda25000-72bdeda2f000 ---p 00000000 00:00 0 
72bdeda2f000-72bdeda31000 rw-p 00000000 00:00 0 
72bdeda31000-72bdeda3d000 ---p 00000000 00:00 0 
72bdeda3d000-72bdeda3e000 rw-p 00000000 00:00 0 
72bdeda3e000-72bdeddd2000 ---p 00000000 00:00 0 
72bdeddd4000-72bdedddb000 r--p 00000000 07:00 465                        /snap/android-studio/161/jbr/lib/libnet.so
72bdedddb000-72bdedde8000 r-xp 00006000 07:00 465                        /snap/android-studio/161/jbr/lib/libnet.so
72bdedde8000-72bdedde9000 r--p 00012000 07:00 465                        /snap/android-studio/161/jbr/lib/libnet.so
72bdedde9000-72bdeddea000 rw-p 00012000 07:00 465                        /snap/android-studio/161/jbr/lib/libnet.so
72bdeddea000-72bdeddeb000 rw-p 00000000 00:00 0 
72bdeddeb000-72bdeddf6000 r--p 00000000 07:00 466                        /snap/android-studio/161/jbr/lib/libnio.so
72bdeddf6000-72bdeddfe000 r-xp 0000a000 07:00 466                        /snap/android-studio/161/jbr/lib/libnio.so
72bdeddfe000-72bdeddff000 r--p 00011000 07:00 466                        /snap/android-studio/161/jbr/lib/libnio.so
72bdeddff000-72bdede00000 rw-p 00011000 07:00 466                        /snap/android-studio/161/jbr/lib/libnio.so
72bdede00000-72bdede25000 rw-p 00000000 00:00 0 
72bdede25000-72bdede2f000 ---p 00000000 00:00 0 
72bdede2f000-72bdede31000 rw-p 00000000 00:00 0 
72bdede31000-72bdede3d000 ---p 00000000 00:00 0 
72bdede3d000-72bdede3e000 rw-p 00000000 00:00 0 
72bdede3e000-72bdee1d2000 ---p 00000000 00:00 0 
72bdee1d8000-72bdee1df000 r--s 00000000 08:03 17092438                   /usr/lib/x86_64-linux-gnu/gconv/gconv-modules.cache
72bdee1df000-72bdee1e8000 r--p 00000000 07:00 473                        /snap/android-studio/161/jbr/lib/libzip.so
72bdee1e8000-72bdee1fd000 r-xp 00008000 07:00 473                        /snap/android-studio/161/jbr/lib/libzip.so
72bdee1fd000-72bdee1fe000 r--p 0001c000 07:00 473                        /snap/android-studio/161/jbr/lib/libzip.so
72bdee1fe000-72bdee1ff000 rw-p 0001c000 07:00 473                        /snap/android-studio/161/jbr/lib/libzip.so
72bdee1ff000-72bdee6e6000 rw-p 00000000 00:00 0 
72bdee6e6000-72bdee7cb000 ---p 00000000 00:00 0 
72bdee7cb000-72bdee7e6000 rw-p 00000000 00:00 0 
72bdee7e6000-72bdee8b6000 ---p 00000000 00:00 0 
72bdee8b6000-72bdee8ba000 ---p 00000000 00:00 0 
72bdee8ba000-72bdee9b6000 rw-p 00000000 00:00 0 
72bdee9b6000-72bdeeedf000 r--p 00000000 07:00 484                        /snap/android-studio/161/jbr/lib/server/libjvm.so
72bdeeedf000-72bdefaa0000 r-xp 00528000 07:00 484                        /snap/android-studio/161/jbr/lib/server/libjvm.so
72bdefaa0000-72bdefb62000 r--p 010e8000 07:00 484                        /snap/android-studio/161/jbr/lib/server/libjvm.so
72bdefb62000-72bdefb8c000 rw-p 011a9000 07:00 484                        /snap/android-studio/161/jbr/lib/server/libjvm.so
72bdefb8c000-72bdefc00000 rw-p 00000000 00:00 0 
72bdefc00000-72bdefc28000 r--p 00000000 08:03 17072892                   /usr/lib/x86_64-linux-gnu/libc.so.6
72bdefc28000-72bdefdbd000 r-xp 00028000 08:03 17072892                   /usr/lib/x86_64-linux-gnu/libc.so.6
72bdefdbd000-72bdefe15000 r--p 001bd000 08:03 17072892                   /usr/lib/x86_64-linux-gnu/libc.so.6
72bdefe15000-72bdefe16000 ---p 00215000 08:03 17072892                   /usr/lib/x86_64-linux-gnu/libc.so.6
72bdefe16000-72bdefe1a000 r--p 00215000 08:03 17072892                   /usr/lib/x86_64-linux-gnu/libc.so.6
72bdefe1a000-72bdefe1c000 rw-p 00219000 08:03 17072892                   /usr/lib/x86_64-linux-gnu/libc.so.6
72bdefe1c000-72bdefe29000 rw-p 00000000 00:00 0 
72bdefe2a000-72bdefe30000 r--p 00000000 07:00 472                        /snap/android-studio/161/jbr/lib/libverify.so
72bdefe30000-72bdefe38000 r-xp 00005000 07:00 472                        /snap/android-studio/161/jbr/lib/libverify.so
72bdefe38000-72bdefe3a000 r--p 0000c000 07:00 472                        /snap/android-studio/161/jbr/lib/libverify.so
72bdefe3a000-72bdefe3b000 rw-p 0000d000 07:00 472                        /snap/android-studio/161/jbr/lib/libverify.so
72bdefe3b000-72bdefe40000 rw-p 00000000 00:00 0 
72bdefe40000-72bdefe47000 ---p 00000000 00:00 0 
72bdefe47000-72bdefe59000 r--p 00000000 07:00 452                        /snap/android-studio/161/jbr/lib/libjava.so
72bdefe59000-72bdefe6b000 r-xp 00011000 07:00 452                        /snap/android-studio/161/jbr/lib/libjava.so
72bdefe6b000-72bdefe6c000 r--p 00022000 07:00 452                        /snap/android-studio/161/jbr/lib/libjava.so
72bdefe6c000-72bdefe6e000 rw-p 00022000 07:00 452                        /snap/android-studio/161/jbr/lib/libjava.so
72bdefe6e000-72bdefe79000 r--p 00000000 07:00 456                        /snap/android-studio/161/jbr/lib/libjimage.so
72bdefe79000-72bdefe8d000 r-xp 0000a000 07:00 456                        /snap/android-studio/161/jbr/lib/libjimage.so
72bdefe8d000-72bdefe8f000 r--p 0001d000 07:00 456                        /snap/android-studio/161/jbr/lib/libjimage.so
72bdefe8f000-72bdefe90000 rw-p 0001e000 07:00 456                        /snap/android-studio/161/jbr/lib/libjimage.so
72bdefe90000-72bdefe91000 rw-p 00000000 00:00 0 
72bdefe91000-72bdefe92000 r--p 00000000 08:03 17073325                   /usr/lib/x86_64-linux-gnu/librt.so.1
72bdefe92000-72bdefe93000 r-xp 00001000 08:03 17073325                   /usr/lib/x86_64-linux-gnu/librt.so.1
72bdefe93000-72bdefe94000 r--p 00002000 08:03 17073325                   /usr/lib/x86_64-linux-gnu/librt.so.1
72bdefe94000-72bdefe95000 r--p 00002000 08:03 17073325                   /usr/lib/x86_64-linux-gnu/librt.so.1
72bdefe95000-72bdefe96000 rw-p 00003000 08:03 17073325                   /usr/lib/x86_64-linux-gnu/librt.so.1
72bdefe96000-72bdefea4000 r--p 00000000 08:03 17072963                   /usr/lib/x86_64-linux-gnu/libm.so.6
72bdefea4000-72bdeff20000 r-xp 0000e000 08:03 17072963                   /usr/lib/x86_64-linux-gnu/libm.so.6
72bdeff20000-72bdeff7b000 r--p 0008a000 08:03 17072963                   /usr/lib/x86_64-linux-gnu/libm.so.6
72bdeff7b000-72bdeff7c000 r--p 000e4000 08:03 17072963                   /usr/lib/x86_64-linux-gnu/libm.so.6
72bdeff7c000-72bdeff7d000 rw-p 000e5000 08:03 17072963                   /usr/lib/x86_64-linux-gnu/libm.so.6
72bdeff7d000-72bdeff7f000 rw-p 00000000 00:00 0 
72bdeff7f000-72bdeff80000 r--p 00000000 08:03 17072961                   /usr/lib/x86_64-linux-gnu/libdl.so.2
72bdeff80000-72bdeff81000 r-xp 00001000 08:03 17072961                   /usr/lib/x86_64-linux-gnu/libdl.so.2
72bdeff81000-72bdeff82000 r--p 00002000 08:03 17072961                   /usr/lib/x86_64-linux-gnu/libdl.so.2
72bdeff82000-72bdeff83000 r--p 00002000 08:03 17072961                   /usr/lib/x86_64-linux-gnu/libdl.so.2
72bdeff83000-72bdeff84000 rw-p 00003000 08:03 17072961                   /usr/lib/x86_64-linux-gnu/libdl.so.2
72bdeff84000-72bdeff85000 r--p 00000000 08:03 17073288                   /usr/lib/x86_64-linux-gnu/libpthread.so.0
72bdeff85000-72bdeff86000 r-xp 00001000 08:03 17073288                   /usr/lib/x86_64-linux-gnu/libpthread.so.0
72bdeff86000-72bdeff87000 r--p 00002000 08:03 17073288                   /usr/lib/x86_64-linux-gnu/libpthread.so.0
72bdeff87000-72bdeff88000 r--p 00002000 08:03 17073288                   /usr/lib/x86_64-linux-gnu/libpthread.so.0
72bdeff88000-72bdeff89000 rw-p 00003000 08:03 17073288                   /usr/lib/x86_64-linux-gnu/libpthread.so.0
72bdeff8a000-72bdeff8b000 r--p 00000000 08:03 17073330                   /usr/lib/x86_64-linux-gnu/libutil.so.1
72bdeff8b000-72bdeff8c000 r-xp 00001000 08:03 17073330                   /usr/lib/x86_64-linux-gnu/libutil.so.1
72bdeff8c000-72bdeff8d000 r--p 00002000 08:03 17073330                   /usr/lib/x86_64-linux-gnu/libutil.so.1
72bdeff8d000-72bdeff8e000 r--p 00002000 08:03 17073330                   /usr/lib/x86_64-linux-gnu/libutil.so.1
72bdeff8e000-72bdeff8f000 rw-p 00003000 08:03 17073330                   /usr/lib/x86_64-linux-gnu/libutil.so.1
72bdeff8f000-72bdeff97000 rw-s 00000000 08:03 4202555                    /tmp/hsperfdata_omer/23755
72bdeff97000-72bdeff98000 ---p 00000000 00:00 0 
72bdeff98000-72bdeff99000 r--p 00000000 00:00 0 
72bdeff99000-72bdeffa2000 r--p 00000000 07:00 457                        /snap/android-studio/161/jbr/lib/libjli.so
72bdeffa2000-72bdeffb0000 r-xp 00008000 07:00 457                        /snap/android-studio/161/jbr/lib/libjli.so
72bdeffb0000-72bdeffb1000 r--p 00015000 07:00 457                        /snap/android-studio/161/jbr/lib/libjli.so
72bdeffb1000-72bdeffb3000 rw-p 00015000 07:00 457                        /snap/android-studio/161/jbr/lib/libjli.so
72bdeffb3000-72bdeffb5000 rw-p 00000000 00:00 0 
72bdeffb5000-72bdeffb7000 r--p 00000000 08:03 17072808                   /usr/lib/x86_64-linux-gnu/ld-linux-x86-64.so.2
72bdeffb7000-72bdeffe1000 r-xp 00002000 08:03 17072808                   /usr/lib/x86_64-linux-gnu/ld-linux-x86-64.so.2
72bdeffe1000-72bdeffec000 r--p 0002c000 08:03 17072808                   /usr/lib/x86_64-linux-gnu/ld-linux-x86-64.so.2
72bdeffec000-72bdeffed000 ---p 00000000 00:00 0 
72bdeffed000-72bdeffef000 r--p 00037000 08:03 17072808                   /usr/lib/x86_64-linux-gnu/ld-linux-x86-64.so.2
72bdeffef000-72bdefff1000 rw-p 00039000 08:03 17072808                   /usr/lib/x86_64-linux-gnu/ld-linux-x86-64.so.2
7ffdfc5d3000-7ffdfc5f4000 rw-p 00000000 00:00 0                          [stack]
7ffdfc5f8000-7ffdfc5fc000 r--p 00000000 00:00 0                          [vvar]
7ffdfc5fc000-7ffdfc5fe000 r-xp 00000000 00:00 0                          [vdso]
ffffffffff600000-ffffffffff601000 --xp 00000000 00:00 0                  [vsyscall]


VM Arguments:
java_command: org.jetbrains.kotlin.cli.jvm.K2JVMCompiler @/home/omer/AndroidStudioProjects/System/app/build/20240925_6827877412517722438.compiler.options
java_class_path (initial): /home/omer/.gradle/caches/modules-2/files-2.1/org.jetbrains.kotlin/kotlin-compiler-embeddable/1.9.0/2c8c3a7402becca891f12739b3e9fd2dc2adbd7a/kotlin-compiler-embeddable-1.9.0.jar:/home/omer/.gradle/caches/modules-2/files-2.1/org.jetbrains.kotlin/kotlin-stdlib/1.9.0/8ee15ef0c67dc83d874f412d84378d7f0eb50b63/kotlin-stdlib-1.9.0.jar:/home/omer/.gradle/caches/modules-2/files-2.1/org.jetbrains.kotlin/kotlin-script-runtime/1.9.0/4b3102cbbb7e1b58d9d1adf89563f00069ffa7d1/kotlin-script-runtime-1.9.0.jar:/home/omer/.gradle/caches/modules-2/files-2.1/org.jetbrains.kotlin/kotlin-reflect/1.6.10/1cbe9c92c12a94eea200d23c2bbaedaf3daf5132/kotlin-reflect-1.6.10.jar:/home/omer/.gradle/caches/modules-2/files-2.1/org.jetbrains.kotlin/kotlin-daemon-embeddable/1.9.0/186543f5e28cf8d9a0290fecc2cf34301c40a65c/kotlin-daemon-embeddable-1.9.0.jar:/home/omer/.gradle/caches/modules-2/files-2.1/org.jetbrains.intellij.deps/trove4j/1.0.20200330/3afb14d5f9ceb459d724e907a21145e8ff394f02/trove4j-1.0.20200330.jar:/home/omer/.gradle/caches/modules-2/files-2.1/org.jetbrains.kotlin/kotlin-stdlib-common/1.9.0/cd65c21cfd1eec4d44ef09f9f52b6d9f8a720636/kotlin-stdlib-common-1.9.0.jar:/home/omer/.gradle/caches/modules-2/files-2.1/org.jetbrains/annotations/13.0/919f0dfe192fb4e063e7dacadee7f8bb9a2672a9/annotations-13.0.jar
Launcher Type: SUN_STANDARD

[Global flags]
     intx CICompilerCount                          = 3                                         {product} {ergonomic}
     uint ConcGCThreads                            = 1                                         {product} {ergonomic}
     uint G1ConcRefinementThreads                  = 4                                         {product} {ergonomic}
   size_t G1HeapRegionSize                         = 1048576                                   {product} {ergonomic}
    uintx GCDrainStackTargetSize                   = 64                                        {product} {ergonomic}
   size_t InitialHeapSize                          = 130023424                                 {product} {ergonomic}
   size_t MarkStackSize                            = 4194304                                   {product} {ergonomic}
   size_t MaxHeapSize                              = 2051014656                                {product} {ergonomic}
   size_t MaxNewSize                               = 1229979648                                {product} {ergonomic}
   size_t MinHeapDeltaBytes                        = 1048576                                   {product} {ergonomic}
   size_t MinHeapSize                              = 8388608                                   {product} {ergonomic}
    uintx NonNMethodCodeHeapSize                   = 5832780                                {pd product} {ergonomic}
    uintx NonProfiledCodeHeapSize                  = 122912730                              {pd product} {ergonomic}
    uintx ProfiledCodeHeapSize                     = 122912730                              {pd product} {ergonomic}
    uintx ReservedCodeCacheSize                    = 251658240                              {pd product} {ergonomic}
     bool SegmentedCodeCache                       = true                                      {product} {ergonomic}
   size_t SoftMaxHeapSize                          = 2051014656                             {manageable} {ergonomic}
     bool UseCompressedClassPointers               = true                           {product lp64_product} {ergonomic}
     bool UseCompressedOops                        = true                           {product lp64_product} {ergonomic}
     bool UseG1GC                                  = true                                      {product} {ergonomic}

Logging:
Log output configuration:
 #0: stdout all=warning uptime,level,tags
 #1: stderr all=off uptime,level,tags

Environment Variables:
PATH=/usr/local/sbin:/usr/local/bin:/usr/sbin:/usr/bin:/sbin:/bin:/usr/games:/usr/local/games:/snap/bin:/snap/bin
USERNAME=omer
SHELL=/bin/bash
DISPLAY=:0
LANG=en_US.UTF-8
LC_NUMERIC=ur_PK
LC_TIME=ur_PK

Active Locale:
LC_ALL=LC_CTYPE=en_US.UTF-8;LC_NUMERIC=ur_PK;LC_TIME=ur_PK;LC_COLLATE=en_US.UTF-8;LC_MONETARY=ur_PK;LC_MESSAGES=en_US.UTF-8;LC_PAPER=ur_PK;LC_NAME=ur_PK;LC_ADDRESS=ur_PK;LC_TELEPHONE=ur_PK;LC_MEASUREMENT=ur_PK;LC_IDENTIFICATION=ur_PK
LC_COLLATE=en_US.UTF-8
LC_CTYPE=en_US.UTF-8
LC_MESSAGES=en_US.UTF-8
LC_MONETARY=ur_PK
LC_NUMERIC=ur_PK
LC_TIME=ur_PK

Signal Handlers:
   SIGSEGV: crash_handler in libjvm.so, mask=11100100010111111101111111111110, flags=SA_RESTART|SA_SIGINFO, unblocked
    SIGBUS: crash_handler in libjvm.so, mask=11100100010111111101111111111110, flags=SA_RESTART|SA_SIGINFO, unblocked
    SIGFPE: crash_handler in libjvm.so, mask=11100100010111111101111111111110, flags=SA_RESTART|SA_SIGINFO, unblocked
   SIGPIPE: javaSignalHandler in libjvm.so, mask=11100100010111111101111111111110, flags=SA_RESTART|SA_SIGINFO, blocked
   SIGXFSZ: javaSignalHandler in libjvm.so, mask=11100100010111111101111111111110, flags=SA_RESTART|SA_SIGINFO, blocked
    SIGILL: crash_handler in libjvm.so, mask=11100100010111111101111111111110, flags=SA_RESTART|SA_SIGINFO, unblocked
   SIGUSR2: SR_handler in libjvm.so, mask=00100000000000000000000000000000, flags=SA_RESTART|SA_SIGINFO, blocked
    SIGHUP: UserHandler in libjvm.so, mask=11100100010111111101111111111110, flags=SA_RESTART|SA_SIGINFO, blocked
    SIGINT: UserHandler in libjvm.so, mask=11100100010111111101111111111110, flags=SA_RESTART|SA_SIGINFO, blocked
   SIGTERM: UserHandler in libjvm.so, mask=11100100010111111101111111111110, flags=SA_RESTART|SA_SIGINFO, blocked
   SIGQUIT: UserHandler in libjvm.so, mask=11100100010111111101111111111110, flags=SA_RESTART|SA_SIGINFO, blocked
   SIGTRAP: crash_handler in libjvm.so, mask=11100100010111111101111111111110, flags=SA_RESTART|SA_SIGINFO, unblocked


Periodic native trim disabled

JNI global refs:
JNI global refs: 11, weak refs: 7

JNI global refs memory usage: 867, weak refs: 865

OOME stack traces (most recent first):
Classloader memory used:
Loader jdk.internal.loader.ClassLoaders$AppClassLoader                                 : 5639K
Loader bootstrap                                                                       : 1396K
Loader jdk.internal.reflect.DelegatingClassLoader                                      : 16336B
Loader java.net.URLClassLoader                                                         : 13377B
Loader jdk.internal.loader.ClassLoaders$PlatformClassLoader                            : 2286B


---------------  S Y S T E M  ---------------

OS:
DISTRIB_ID=Ubuntu
DISTRIB_RELEASE=22.04
DISTRIB_CODENAME=jammy
DISTRIB_DESCRIPTION="Ubuntu 22.04.4 LTS"
uname: Linux 6.8.0-40-generic #40~22.04.3-Ubuntu SMP PREEMPT_DYNAMIC Tue Jul 30 17:30:19 UTC 2 x86_64
OS uptime: 0 days 17:06 hours
libc: glibc 2.35 NPTL 2.35 
rlimit (soft/hard): STACK 8192k/infinity , CORE 0k/infinity , NPROC 30986/30986 , NOFILE 1048576/1048576 , AS infinity/infinity , CPU infinity/infinity , DATA infinity/infinity , FSIZE infinity/infinity , MEMLOCK 1001276k/1001276k
load average: 2.46 1.24 1.03

/proc/meminfo:
MemTotal:        8010208 kB
MemFree:          273580 kB
MemAvailable:    1926464 kB
Buffers:           34432 kB
Cached:          1962924 kB
SwapCached:       875544 kB
Active:          5417556 kB
Inactive:        1776740 kB
Active(anon):    4292924 kB
Inactive(anon):  1088856 kB
Active(file):    1124632 kB
Inactive(file):   687884 kB
Unevictable:       26480 kB
Mlocked:               0 kB
SwapTotal:       7906300 kB
SwapFree:        5677040 kB
Zswap:                 0 kB
Zswapped:              0 kB
Dirty:              1244 kB
Writeback:             0 kB
AnonPages:       5199488 kB
Mapped:          1182852 kB
Shmem:            184840 kB
KReclaimable:     120612 kB
Slab:             337576 kB
SReclaimable:     120612 kB
SUnreclaim:       216964 kB
KernelStack:       19104 kB
PageTables:        67168 kB
SecPageTables:         0 kB
NFS_Unstable:          0 kB
Bounce:                0 kB
WritebackTmp:          0 kB
CommitLimit:    11911404 kB
Committed_AS:   30599608 kB
VmallocTotal:   34359738367 kB
VmallocUsed:       50116 kB
VmallocChunk:          0 kB
Percpu:             3440 kB
HardwareCorrupted:     0 kB
AnonHugePages:         0 kB
ShmemHugePages:        0 kB
ShmemPmdMapped:        0 kB
FileHugePages:         0 kB
FilePmdMapped:         0 kB
Unaccepted:            0 kB
HugePages_Total:       0
HugePages_Free:        0
HugePages_Rsvd:        0
HugePages_Surp:        0
Hugepagesize:       2048 kB
Hugetlb:               0 kB
DirectMap4k:      201428 kB
DirectMap2M:     7016448 kB
DirectMap1G:     1048576 kB

/sys/kernel/mm/transparent_hugepage/enabled: always [madvise] never
/sys/kernel/mm/transparent_hugepage/defrag (defrag/compaction efforts parameter): always defer defer+madvise [madvise] never

Process Memory:
Virtual Size: 5100944K (peak: 5164904K)
Resident Set Size: 259296K (peak: 259296K) (anon: 231776K, file: 27520K, shmem: 0K)
Swapped out: 0K
C-Heap outstanding allocations: 64680K, retained: 21543K
glibc malloc tunables: (default)

/proc/sys/kernel/threads-max (system-wide limit on the number of threads): 61972
/proc/sys/vm/max_map_count (maximum number of memory map areas a process may have): 65530
/proc/sys/kernel/pid_max (system-wide limit on number of process identifiers): 4194304

container (cgroup) information:
container_type: cgroupv2
cpu_cpuset_cpus: not supported
cpu_memory_nodes: not supported
active_processor_count: 4
cpu_quota: not supported
cpu_period: not supported
cpu_shares: not supported
memory_limit_in_bytes: unlimited
memory_and_swap_limit_in_bytes: unlimited
memory_soft_limit_in_bytes: unlimited
memory_usage_in_bytes: 1181080 k
memory_max_usage_in_bytes: not supported
memory_swap_current_in_bytes: 495004 k
memory_swap_max_limit_in_bytes: unlimited
maximum number of tasks: 9295
current number of tasks: 117

Steal ticks since vm start: 0
Steal ticks percentage since vm start:  0.000

CPU: total 4 (initial active 4) (2 cores per cpu, 2 threads per core) family 6 model 69 stepping 1 microcode 0x26, cx8, cmov, fxsr, ht, mmx, sse, sse2, sse3, ssse3, sse4.1, sse4.2, popcnt, lzcnt, tsc, tscinvbit, avx, avx2, aes, erms, clmul, bmi1, bmi2, fma, vzeroupper, clflush
CPU Model and flags from /proc/cpuinfo:
model name	: Intel(R) Core(TM) i5-4200U CPU @ 1.60GHz
flags		: fpu vme de pse tsc msr pae mce cx8 apic sep mtrr pge mca cmov pat pse36 clflush dts acpi mmx fxsr sse sse2 ss ht tm pbe syscall nx pdpe1gb rdtscp lm constant_tsc arch_perfmon pebs bts rep_good nopl xtopology nonstop_tsc cpuid aperfmperf pni pclmulqdq dtes64 monitor ds_cpl vmx est tm2 ssse3 sdbg fma cx16 xtpr pdcm pcid sse4_1 sse4_2 movbe popcnt tsc_deadline_timer aes xsave avx f16c rdrand lahf_lm abm cpuid_fault epb pti ssbd ibrs ibpb stibp tpr_shadow flexpriority ept vpid ept_ad fsgsbase tsc_adjust bmi1 avx2 smep bmi2 erms invpcid xsaveopt dtherm ida arat pln pts vnmi md_clear flush_l1d

Online cpus: 0-3
Offline cpus: 
BIOS frequency limitation: <Not Available>
Frequency switch latency (ns): 20000
Available cpu frequencies: <Not Available>
Current governor: schedutil
Core performance/turbo boost: <Not Available>

Memory: 4k page, physical 8010208k(273580k free), swap 7906300k(5677040k free)
Page Sizes: 4k

vm_info: OpenJDK 64-Bit Server VM (17.0.10+0-17.0.10b1087.21-11609105) for linux-amd64 JRE (17.0.10+0-17.0.10b1087.21-11609105), built on Mar 21 2024 17:39:27 by "androidbuild" with clang Android (11368308, +pgo, +bolt, +lto, +mlgo, based on r510928) Clang 18.0.0 (https://android.googlesource.com/toolchain/llvm-project 477610d4d0d988e69dbc3fae4fe86bff3f07f2b5)

END.
